(state,die,b1,b2,b3,b4,b5,b6)
0:(0,0,0,0,0,0,0,0)
1:(0,1,1,0,0,0,0,0)
2:(0,1,1,0,0,0,0,1)
3:(0,1,1,0,0,0,1,0)
4:(0,1,1,0,0,0,1,1)
5:(0,1,1,0,0,1,0,0)
6:(0,1,1,0,0,1,0,1)
7:(0,1,1,0,0,1,1,0)
8:(0,1,1,0,0,1,1,1)
9:(0,1,1,0,1,0,0,0)
10:(0,1,1,0,1,0,0,1)
11:(0,1,1,0,1,0,1,0)
12:(0,1,1,0,1,0,1,1)
13:(0,1,1,0,1,1,0,0)
14:(0,1,1,0,1,1,0,1)
15:(0,1,1,0,1,1,1,0)
16:(0,1,1,0,1,1,1,1)
17:(0,1,1,1,0,0,0,0)
18:(0,1,1,1,0,0,0,1)
19:(0,1,1,1,0,0,1,0)
20:(0,1,1,1,0,0,1,1)
21:(0,1,1,1,0,1,0,0)
22:(0,1,1,1,0,1,0,1)
23:(0,1,1,1,0,1,1,0)
24:(0,1,1,1,0,1,1,1)
25:(0,1,1,1,1,0,0,0)
26:(0,1,1,1,1,0,0,1)
27:(0,1,1,1,1,0,1,0)
28:(0,1,1,1,1,0,1,1)
29:(0,1,1,1,1,1,0,0)
30:(0,1,1,1,1,1,0,1)
31:(0,1,1,1,1,1,1,0)
32:(0,1,1,1,1,1,1,1)
33:(0,2,0,1,0,0,0,0)
34:(0,2,0,1,0,0,0,1)
35:(0,2,0,1,0,0,1,0)
36:(0,2,0,1,0,0,1,1)
37:(0,2,0,1,0,1,0,0)
38:(0,2,0,1,0,1,0,1)
39:(0,2,0,1,0,1,1,0)
40:(0,2,0,1,0,1,1,1)
41:(0,2,0,1,1,0,0,0)
42:(0,2,0,1,1,0,0,1)
43:(0,2,0,1,1,0,1,0)
44:(0,2,0,1,1,0,1,1)
45:(0,2,0,1,1,1,0,0)
46:(0,2,0,1,1,1,0,1)
47:(0,2,0,1,1,1,1,0)
48:(0,2,0,1,1,1,1,1)
49:(0,2,1,1,0,0,0,0)
50:(0,2,1,1,0,0,0,1)
51:(0,2,1,1,0,0,1,0)
52:(0,2,1,1,0,0,1,1)
53:(0,2,1,1,0,1,0,0)
54:(0,2,1,1,0,1,0,1)
55:(0,2,1,1,0,1,1,0)
56:(0,2,1,1,0,1,1,1)
57:(0,2,1,1,1,0,0,0)
58:(0,2,1,1,1,0,0,1)
59:(0,2,1,1,1,0,1,0)
60:(0,2,1,1,1,0,1,1)
61:(0,2,1,1,1,1,0,0)
62:(0,2,1,1,1,1,0,1)
63:(0,2,1,1,1,1,1,0)
64:(0,2,1,1,1,1,1,1)
65:(0,3,0,0,1,0,0,0)
66:(0,3,0,0,1,0,0,1)
67:(0,3,0,0,1,0,1,0)
68:(0,3,0,0,1,0,1,1)
69:(0,3,0,0,1,1,0,0)
70:(0,3,0,0,1,1,0,1)
71:(0,3,0,0,1,1,1,0)
72:(0,3,0,0,1,1,1,1)
73:(0,3,0,1,1,0,0,0)
74:(0,3,0,1,1,0,0,1)
75:(0,3,0,1,1,0,1,0)
76:(0,3,0,1,1,0,1,1)
77:(0,3,0,1,1,1,0,0)
78:(0,3,0,1,1,1,0,1)
79:(0,3,0,1,1,1,1,0)
80:(0,3,0,1,1,1,1,1)
81:(0,3,1,0,1,0,0,0)
82:(0,3,1,0,1,0,0,1)
83:(0,3,1,0,1,0,1,0)
84:(0,3,1,0,1,0,1,1)
85:(0,3,1,0,1,1,0,0)
86:(0,3,1,0,1,1,0,1)
87:(0,3,1,0,1,1,1,0)
88:(0,3,1,0,1,1,1,1)
89:(0,3,1,1,0,0,0,0)
90:(0,3,1,1,0,0,0,1)
91:(0,3,1,1,0,0,1,0)
92:(0,3,1,1,0,0,1,1)
93:(0,3,1,1,0,1,0,0)
94:(0,3,1,1,0,1,0,1)
95:(0,3,1,1,0,1,1,0)
96:(0,3,1,1,0,1,1,1)
97:(0,3,1,1,1,0,0,0)
98:(0,3,1,1,1,0,0,1)
99:(0,3,1,1,1,0,1,0)
100:(0,3,1,1,1,0,1,1)
101:(0,3,1,1,1,1,0,0)
102:(0,3,1,1,1,1,0,1)
103:(0,3,1,1,1,1,1,0)
104:(0,3,1,1,1,1,1,1)
105:(0,4,0,0,0,1,0,0)
106:(0,4,0,0,0,1,0,1)
107:(0,4,0,0,0,1,1,0)
108:(0,4,0,0,0,1,1,1)
109:(0,4,0,0,1,1,0,0)
110:(0,4,0,0,1,1,0,1)
111:(0,4,0,0,1,1,1,0)
112:(0,4,0,0,1,1,1,1)
113:(0,4,0,1,0,1,0,0)
114:(0,4,0,1,0,1,0,1)
115:(0,4,0,1,0,1,1,0)
116:(0,4,0,1,0,1,1,1)
117:(0,4,0,1,1,1,0,0)
118:(0,4,0,1,1,1,0,1)
119:(0,4,0,1,1,1,1,0)
120:(0,4,0,1,1,1,1,1)
121:(0,4,1,0,0,1,0,0)
122:(0,4,1,0,0,1,0,1)
123:(0,4,1,0,0,1,1,0)
124:(0,4,1,0,0,1,1,1)
125:(0,4,1,0,1,0,0,0)
126:(0,4,1,0,1,0,0,1)
127:(0,4,1,0,1,0,1,0)
128:(0,4,1,0,1,0,1,1)
129:(0,4,1,0,1,1,0,0)
130:(0,4,1,0,1,1,0,1)
131:(0,4,1,0,1,1,1,0)
132:(0,4,1,0,1,1,1,1)
133:(0,4,1,1,0,1,0,0)
134:(0,4,1,1,0,1,0,1)
135:(0,4,1,1,0,1,1,0)
136:(0,4,1,1,0,1,1,1)
137:(0,4,1,1,1,0,0,0)
138:(0,4,1,1,1,0,0,1)
139:(0,4,1,1,1,0,1,0)
140:(0,4,1,1,1,0,1,1)
141:(0,4,1,1,1,1,0,0)
142:(0,4,1,1,1,1,0,1)
143:(0,4,1,1,1,1,1,0)
144:(0,4,1,1,1,1,1,1)
145:(0,5,0,0,0,0,1,0)
146:(0,5,0,0,0,0,1,1)
147:(0,5,0,0,0,1,1,0)
148:(0,5,0,0,0,1,1,1)
149:(0,5,0,0,1,0,1,0)
150:(0,5,0,0,1,0,1,1)
151:(0,5,0,0,1,1,1,0)
152:(0,5,0,0,1,1,1,1)
153:(0,5,0,1,0,0,1,0)
154:(0,5,0,1,0,0,1,1)
155:(0,5,0,1,0,1,1,0)
156:(0,5,0,1,0,1,1,1)
157:(0,5,0,1,1,0,0,0)
158:(0,5,0,1,1,0,0,1)
159:(0,5,0,1,1,0,1,0)
160:(0,5,0,1,1,0,1,1)
161:(0,5,0,1,1,1,0,0)
162:(0,5,0,1,1,1,0,1)
163:(0,5,0,1,1,1,1,0)
164:(0,5,0,1,1,1,1,1)
165:(0,5,1,0,0,0,1,0)
166:(0,5,1,0,0,0,1,1)
167:(0,5,1,0,0,1,0,0)
168:(0,5,1,0,0,1,0,1)
169:(0,5,1,0,0,1,1,0)
170:(0,5,1,0,0,1,1,1)
171:(0,5,1,0,1,0,1,0)
172:(0,5,1,0,1,0,1,1)
173:(0,5,1,0,1,1,0,0)
174:(0,5,1,0,1,1,0,1)
175:(0,5,1,0,1,1,1,0)
176:(0,5,1,0,1,1,1,1)
177:(0,5,1,1,0,0,1,0)
178:(0,5,1,1,0,0,1,1)
179:(0,5,1,1,0,1,0,0)
180:(0,5,1,1,0,1,0,1)
181:(0,5,1,1,0,1,1,0)
182:(0,5,1,1,0,1,1,1)
183:(0,5,1,1,1,0,0,0)
184:(0,5,1,1,1,0,0,1)
185:(0,5,1,1,1,0,1,0)
186:(0,5,1,1,1,0,1,1)
187:(0,5,1,1,1,1,0,0)
188:(0,5,1,1,1,1,0,1)
189:(0,5,1,1,1,1,1,0)
190:(0,5,1,1,1,1,1,1)
191:(0,6,0,0,0,0,0,1)
192:(0,6,0,0,0,0,1,1)
193:(0,6,0,0,0,1,0,1)
194:(0,6,0,0,0,1,1,1)
195:(0,6,0,0,1,0,0,1)
196:(0,6,0,0,1,0,1,1)
197:(0,6,0,0,1,1,0,1)
198:(0,6,0,0,1,1,1,1)
199:(0,6,0,1,0,0,0,1)
200:(0,6,0,1,0,0,1,1)
201:(0,6,0,1,0,1,0,0)
202:(0,6,0,1,0,1,0,1)
203:(0,6,0,1,0,1,1,0)
204:(0,6,0,1,0,1,1,1)
205:(0,6,0,1,1,0,0,1)
206:(0,6,0,1,1,0,1,1)
207:(0,6,0,1,1,1,0,0)
208:(0,6,0,1,1,1,0,1)
209:(0,6,0,1,1,1,1,0)
210:(0,6,0,1,1,1,1,1)
211:(0,6,1,0,0,0,0,1)
212:(0,6,1,0,0,0,1,0)
213:(0,6,1,0,0,0,1,1)
214:(0,6,1,0,0,1,0,1)
215:(0,6,1,0,0,1,1,0)
216:(0,6,1,0,0,1,1,1)
217:(0,6,1,0,1,0,0,1)
218:(0,6,1,0,1,0,1,0)
219:(0,6,1,0,1,0,1,1)
220:(0,6,1,0,1,1,0,1)
221:(0,6,1,0,1,1,1,0)
222:(0,6,1,0,1,1,1,1)
223:(0,6,1,1,0,0,0,1)
224:(0,6,1,1,0,0,1,0)
225:(0,6,1,1,0,0,1,1)
226:(0,6,1,1,0,1,0,0)
227:(0,6,1,1,0,1,0,1)
228:(0,6,1,1,0,1,1,0)
229:(0,6,1,1,0,1,1,1)
230:(0,6,1,1,1,0,0,0)
231:(0,6,1,1,1,0,0,1)
232:(0,6,1,1,1,0,1,0)
233:(0,6,1,1,1,0,1,1)
234:(0,6,1,1,1,1,0,0)
235:(0,6,1,1,1,1,0,1)
236:(0,6,1,1,1,1,1,0)
237:(0,6,1,1,1,1,1,1)
238:(1,1,0,0,0,0,0,0)
239:(1,1,0,0,0,0,0,1)
240:(1,1,0,0,0,0,1,0)
241:(1,1,0,0,0,0,1,1)
242:(1,1,0,0,0,1,0,0)
243:(1,1,0,0,0,1,0,1)
244:(1,1,0,0,0,1,1,0)
245:(1,1,0,0,0,1,1,1)
246:(1,1,0,0,1,0,0,0)
247:(1,1,0,0,1,0,0,1)
248:(1,1,0,0,1,0,1,0)
249:(1,1,0,0,1,0,1,1)
250:(1,1,0,0,1,1,0,0)
251:(1,1,0,0,1,1,0,1)
252:(1,1,0,0,1,1,1,0)
253:(1,1,0,0,1,1,1,1)
254:(1,1,0,1,0,0,0,0)
255:(1,1,0,1,0,0,0,1)
256:(1,1,0,1,0,0,1,0)
257:(1,1,0,1,0,0,1,1)
258:(1,1,0,1,0,1,0,0)
259:(1,1,0,1,0,1,0,1)
260:(1,1,0,1,0,1,1,0)
261:(1,1,0,1,0,1,1,1)
262:(1,1,0,1,1,0,0,0)
263:(1,1,0,1,1,0,0,1)
264:(1,1,0,1,1,0,1,0)
265:(1,1,0,1,1,0,1,1)
266:(1,1,0,1,1,1,0,0)
267:(1,1,0,1,1,1,0,1)
268:(1,1,0,1,1,1,1,0)
269:(1,1,0,1,1,1,1,1)
270:(1,1,1,0,0,0,0,0)
271:(1,1,1,0,0,0,0,1)
272:(1,1,1,0,0,0,1,0)
273:(1,1,1,0,0,0,1,1)
274:(1,1,1,0,0,1,0,0)
275:(1,1,1,0,0,1,0,1)
276:(1,1,1,0,0,1,1,0)
277:(1,1,1,0,0,1,1,1)
278:(1,1,1,0,1,0,0,0)
279:(1,1,1,0,1,0,0,1)
280:(1,1,1,0,1,0,1,0)
281:(1,1,1,0,1,0,1,1)
282:(1,1,1,0,1,1,0,0)
283:(1,1,1,0,1,1,0,1)
284:(1,1,1,0,1,1,1,0)
285:(1,1,1,0,1,1,1,1)
286:(1,1,1,1,0,0,0,0)
287:(1,1,1,1,0,0,0,1)
288:(1,1,1,1,0,0,1,0)
289:(1,1,1,1,0,0,1,1)
290:(1,1,1,1,0,1,0,0)
291:(1,1,1,1,0,1,0,1)
292:(1,1,1,1,0,1,1,0)
293:(1,1,1,1,0,1,1,1)
294:(1,1,1,1,1,0,0,0)
295:(1,1,1,1,1,0,0,1)
296:(1,1,1,1,1,0,1,0)
297:(1,1,1,1,1,0,1,1)
298:(1,1,1,1,1,1,0,0)
299:(1,1,1,1,1,1,0,1)
300:(1,1,1,1,1,1,1,0)
301:(1,1,1,1,1,1,1,1)
302:(1,2,0,0,0,0,0,0)
303:(1,2,0,0,0,0,0,1)
304:(1,2,0,0,0,0,1,0)
305:(1,2,0,0,0,0,1,1)
306:(1,2,0,0,0,1,0,0)
307:(1,2,0,0,0,1,0,1)
308:(1,2,0,0,0,1,1,0)
309:(1,2,0,0,0,1,1,1)
310:(1,2,0,0,1,0,0,0)
311:(1,2,0,0,1,0,0,1)
312:(1,2,0,0,1,0,1,0)
313:(1,2,0,0,1,0,1,1)
314:(1,2,0,0,1,1,0,0)
315:(1,2,0,0,1,1,0,1)
316:(1,2,0,0,1,1,1,0)
317:(1,2,0,0,1,1,1,1)
318:(1,2,0,1,0,0,0,0)
319:(1,2,0,1,0,0,0,1)
320:(1,2,0,1,0,0,1,0)
321:(1,2,0,1,0,0,1,1)
322:(1,2,0,1,0,1,0,0)
323:(1,2,0,1,0,1,0,1)
324:(1,2,0,1,0,1,1,0)
325:(1,2,0,1,0,1,1,1)
326:(1,2,0,1,1,0,0,0)
327:(1,2,0,1,1,0,0,1)
328:(1,2,0,1,1,0,1,0)
329:(1,2,0,1,1,0,1,1)
330:(1,2,0,1,1,1,0,0)
331:(1,2,0,1,1,1,0,1)
332:(1,2,0,1,1,1,1,0)
333:(1,2,0,1,1,1,1,1)
334:(1,2,1,0,0,0,0,0)
335:(1,2,1,0,0,0,0,1)
336:(1,2,1,0,0,0,1,0)
337:(1,2,1,0,0,0,1,1)
338:(1,2,1,0,0,1,0,0)
339:(1,2,1,0,0,1,0,1)
340:(1,2,1,0,0,1,1,0)
341:(1,2,1,0,0,1,1,1)
342:(1,2,1,0,1,0,0,0)
343:(1,2,1,0,1,0,0,1)
344:(1,2,1,0,1,0,1,0)
345:(1,2,1,0,1,0,1,1)
346:(1,2,1,0,1,1,0,0)
347:(1,2,1,0,1,1,0,1)
348:(1,2,1,0,1,1,1,0)
349:(1,2,1,0,1,1,1,1)
350:(1,2,1,1,0,0,0,0)
351:(1,2,1,1,0,0,0,1)
352:(1,2,1,1,0,0,1,0)
353:(1,2,1,1,0,0,1,1)
354:(1,2,1,1,0,1,0,0)
355:(1,2,1,1,0,1,0,1)
356:(1,2,1,1,0,1,1,0)
357:(1,2,1,1,0,1,1,1)
358:(1,2,1,1,1,0,0,0)
359:(1,2,1,1,1,0,0,1)
360:(1,2,1,1,1,0,1,0)
361:(1,2,1,1,1,0,1,1)
362:(1,2,1,1,1,1,0,0)
363:(1,2,1,1,1,1,0,1)
364:(1,2,1,1,1,1,1,0)
365:(1,2,1,1,1,1,1,1)
366:(1,3,0,0,0,0,0,0)
367:(1,3,0,0,0,0,0,1)
368:(1,3,0,0,0,0,1,0)
369:(1,3,0,0,0,0,1,1)
370:(1,3,0,0,0,1,0,0)
371:(1,3,0,0,0,1,0,1)
372:(1,3,0,0,0,1,1,0)
373:(1,3,0,0,0,1,1,1)
374:(1,3,0,0,1,0,0,0)
375:(1,3,0,0,1,0,0,1)
376:(1,3,0,0,1,0,1,0)
377:(1,3,0,0,1,0,1,1)
378:(1,3,0,0,1,1,0,0)
379:(1,3,0,0,1,1,0,1)
380:(1,3,0,0,1,1,1,0)
381:(1,3,0,0,1,1,1,1)
382:(1,3,0,1,0,0,0,0)
383:(1,3,0,1,0,0,0,1)
384:(1,3,0,1,0,0,1,0)
385:(1,3,0,1,0,0,1,1)
386:(1,3,0,1,0,1,0,0)
387:(1,3,0,1,0,1,0,1)
388:(1,3,0,1,0,1,1,0)
389:(1,3,0,1,0,1,1,1)
390:(1,3,0,1,1,0,0,0)
391:(1,3,0,1,1,0,0,1)
392:(1,3,0,1,1,0,1,0)
393:(1,3,0,1,1,0,1,1)
394:(1,3,0,1,1,1,0,0)
395:(1,3,0,1,1,1,0,1)
396:(1,3,0,1,1,1,1,0)
397:(1,3,0,1,1,1,1,1)
398:(1,3,1,0,0,0,0,0)
399:(1,3,1,0,0,0,0,1)
400:(1,3,1,0,0,0,1,0)
401:(1,3,1,0,0,0,1,1)
402:(1,3,1,0,0,1,0,0)
403:(1,3,1,0,0,1,0,1)
404:(1,3,1,0,0,1,1,0)
405:(1,3,1,0,0,1,1,1)
406:(1,3,1,0,1,0,0,0)
407:(1,3,1,0,1,0,0,1)
408:(1,3,1,0,1,0,1,0)
409:(1,3,1,0,1,0,1,1)
410:(1,3,1,0,1,1,0,0)
411:(1,3,1,0,1,1,0,1)
412:(1,3,1,0,1,1,1,0)
413:(1,3,1,0,1,1,1,1)
414:(1,3,1,1,0,0,0,0)
415:(1,3,1,1,0,0,0,1)
416:(1,3,1,1,0,0,1,0)
417:(1,3,1,1,0,0,1,1)
418:(1,3,1,1,0,1,0,0)
419:(1,3,1,1,0,1,0,1)
420:(1,3,1,1,0,1,1,0)
421:(1,3,1,1,0,1,1,1)
422:(1,3,1,1,1,0,0,0)
423:(1,3,1,1,1,0,0,1)
424:(1,3,1,1,1,0,1,0)
425:(1,3,1,1,1,0,1,1)
426:(1,3,1,1,1,1,0,0)
427:(1,3,1,1,1,1,0,1)
428:(1,3,1,1,1,1,1,0)
429:(1,3,1,1,1,1,1,1)
430:(1,4,0,0,0,0,0,0)
431:(1,4,0,0,0,0,0,1)
432:(1,4,0,0,0,0,1,0)
433:(1,4,0,0,0,0,1,1)
434:(1,4,0,0,0,1,0,0)
435:(1,4,0,0,0,1,0,1)
436:(1,4,0,0,0,1,1,0)
437:(1,4,0,0,0,1,1,1)
438:(1,4,0,0,1,0,0,0)
439:(1,4,0,0,1,0,0,1)
440:(1,4,0,0,1,0,1,0)
441:(1,4,0,0,1,0,1,1)
442:(1,4,0,0,1,1,0,0)
443:(1,4,0,0,1,1,0,1)
444:(1,4,0,0,1,1,1,0)
445:(1,4,0,0,1,1,1,1)
446:(1,4,0,1,0,0,0,0)
447:(1,4,0,1,0,0,0,1)
448:(1,4,0,1,0,0,1,0)
449:(1,4,0,1,0,0,1,1)
450:(1,4,0,1,0,1,0,0)
451:(1,4,0,1,0,1,0,1)
452:(1,4,0,1,0,1,1,0)
453:(1,4,0,1,0,1,1,1)
454:(1,4,0,1,1,0,0,0)
455:(1,4,0,1,1,0,0,1)
456:(1,4,0,1,1,0,1,0)
457:(1,4,0,1,1,0,1,1)
458:(1,4,0,1,1,1,0,0)
459:(1,4,0,1,1,1,0,1)
460:(1,4,0,1,1,1,1,0)
461:(1,4,0,1,1,1,1,1)
462:(1,4,1,0,0,0,0,0)
463:(1,4,1,0,0,0,0,1)
464:(1,4,1,0,0,0,1,0)
465:(1,4,1,0,0,0,1,1)
466:(1,4,1,0,0,1,0,0)
467:(1,4,1,0,0,1,0,1)
468:(1,4,1,0,0,1,1,0)
469:(1,4,1,0,0,1,1,1)
470:(1,4,1,0,1,0,0,0)
471:(1,4,1,0,1,0,0,1)
472:(1,4,1,0,1,0,1,0)
473:(1,4,1,0,1,0,1,1)
474:(1,4,1,0,1,1,0,0)
475:(1,4,1,0,1,1,0,1)
476:(1,4,1,0,1,1,1,0)
477:(1,4,1,0,1,1,1,1)
478:(1,4,1,1,0,0,0,0)
479:(1,4,1,1,0,0,0,1)
480:(1,4,1,1,0,0,1,0)
481:(1,4,1,1,0,0,1,1)
482:(1,4,1,1,0,1,0,0)
483:(1,4,1,1,0,1,0,1)
484:(1,4,1,1,0,1,1,0)
485:(1,4,1,1,0,1,1,1)
486:(1,4,1,1,1,0,0,0)
487:(1,4,1,1,1,0,0,1)
488:(1,4,1,1,1,0,1,0)
489:(1,4,1,1,1,0,1,1)
490:(1,4,1,1,1,1,0,0)
491:(1,4,1,1,1,1,0,1)
492:(1,4,1,1,1,1,1,0)
493:(1,4,1,1,1,1,1,1)
494:(1,5,0,0,0,0,0,0)
495:(1,5,0,0,0,0,0,1)
496:(1,5,0,0,0,0,1,0)
497:(1,5,0,0,0,0,1,1)
498:(1,5,0,0,0,1,0,0)
499:(1,5,0,0,0,1,0,1)
500:(1,5,0,0,0,1,1,0)
501:(1,5,0,0,0,1,1,1)
502:(1,5,0,0,1,0,0,0)
503:(1,5,0,0,1,0,0,1)
504:(1,5,0,0,1,0,1,0)
505:(1,5,0,0,1,0,1,1)
506:(1,5,0,0,1,1,0,0)
507:(1,5,0,0,1,1,0,1)
508:(1,5,0,0,1,1,1,0)
509:(1,5,0,0,1,1,1,1)
510:(1,5,0,1,0,0,0,0)
511:(1,5,0,1,0,0,0,1)
512:(1,5,0,1,0,0,1,0)
513:(1,5,0,1,0,0,1,1)
514:(1,5,0,1,0,1,0,0)
515:(1,5,0,1,0,1,0,1)
516:(1,5,0,1,0,1,1,0)
517:(1,5,0,1,0,1,1,1)
518:(1,5,0,1,1,0,0,0)
519:(1,5,0,1,1,0,0,1)
520:(1,5,0,1,1,0,1,0)
521:(1,5,0,1,1,0,1,1)
522:(1,5,0,1,1,1,0,0)
523:(1,5,0,1,1,1,0,1)
524:(1,5,0,1,1,1,1,0)
525:(1,5,0,1,1,1,1,1)
526:(1,5,1,0,0,0,0,0)
527:(1,5,1,0,0,0,0,1)
528:(1,5,1,0,0,0,1,0)
529:(1,5,1,0,0,0,1,1)
530:(1,5,1,0,0,1,0,0)
531:(1,5,1,0,0,1,0,1)
532:(1,5,1,0,0,1,1,0)
533:(1,5,1,0,0,1,1,1)
534:(1,5,1,0,1,0,0,0)
535:(1,5,1,0,1,0,0,1)
536:(1,5,1,0,1,0,1,0)
537:(1,5,1,0,1,0,1,1)
538:(1,5,1,0,1,1,0,0)
539:(1,5,1,0,1,1,0,1)
540:(1,5,1,0,1,1,1,0)
541:(1,5,1,0,1,1,1,1)
542:(1,5,1,1,0,0,0,0)
543:(1,5,1,1,0,0,0,1)
544:(1,5,1,1,0,0,1,0)
545:(1,5,1,1,0,0,1,1)
546:(1,5,1,1,0,1,0,0)
547:(1,5,1,1,0,1,0,1)
548:(1,5,1,1,0,1,1,0)
549:(1,5,1,1,0,1,1,1)
550:(1,5,1,1,1,0,0,0)
551:(1,5,1,1,1,0,0,1)
552:(1,5,1,1,1,0,1,0)
553:(1,5,1,1,1,0,1,1)
554:(1,5,1,1,1,1,0,0)
555:(1,5,1,1,1,1,0,1)
556:(1,5,1,1,1,1,1,0)
557:(1,5,1,1,1,1,1,1)
558:(1,6,0,0,0,0,0,0)
559:(1,6,0,0,0,0,0,1)
560:(1,6,0,0,0,0,1,0)
561:(1,6,0,0,0,0,1,1)
562:(1,6,0,0,0,1,0,0)
563:(1,6,0,0,0,1,0,1)
564:(1,6,0,0,0,1,1,0)
565:(1,6,0,0,0,1,1,1)
566:(1,6,0,0,1,0,0,0)
567:(1,6,0,0,1,0,0,1)
568:(1,6,0,0,1,0,1,0)
569:(1,6,0,0,1,0,1,1)
570:(1,6,0,0,1,1,0,0)
571:(1,6,0,0,1,1,0,1)
572:(1,6,0,0,1,1,1,0)
573:(1,6,0,0,1,1,1,1)
574:(1,6,0,1,0,0,0,0)
575:(1,6,0,1,0,0,0,1)
576:(1,6,0,1,0,0,1,0)
577:(1,6,0,1,0,0,1,1)
578:(1,6,0,1,0,1,0,0)
579:(1,6,0,1,0,1,0,1)
580:(1,6,0,1,0,1,1,0)
581:(1,6,0,1,0,1,1,1)
582:(1,6,0,1,1,0,0,0)
583:(1,6,0,1,1,0,0,1)
584:(1,6,0,1,1,0,1,0)
585:(1,6,0,1,1,0,1,1)
586:(1,6,0,1,1,1,0,0)
587:(1,6,0,1,1,1,0,1)
588:(1,6,0,1,1,1,1,0)
589:(1,6,0,1,1,1,1,1)
590:(1,6,1,0,0,0,0,0)
591:(1,6,1,0,0,0,0,1)
592:(1,6,1,0,0,0,1,0)
593:(1,6,1,0,0,0,1,1)
594:(1,6,1,0,0,1,0,0)
595:(1,6,1,0,0,1,0,1)
596:(1,6,1,0,0,1,1,0)
597:(1,6,1,0,0,1,1,1)
598:(1,6,1,0,1,0,0,0)
599:(1,6,1,0,1,0,0,1)
600:(1,6,1,0,1,0,1,0)
601:(1,6,1,0,1,0,1,1)
602:(1,6,1,0,1,1,0,0)
603:(1,6,1,0,1,1,0,1)
604:(1,6,1,0,1,1,1,0)
605:(1,6,1,0,1,1,1,1)
606:(1,6,1,1,0,0,0,0)
607:(1,6,1,1,0,0,0,1)
608:(1,6,1,1,0,0,1,0)
609:(1,6,1,1,0,0,1,1)
610:(1,6,1,1,0,1,0,0)
611:(1,6,1,1,0,1,0,1)
612:(1,6,1,1,0,1,1,0)
613:(1,6,1,1,0,1,1,1)
614:(1,6,1,1,1,0,0,0)
615:(1,6,1,1,1,0,0,1)
616:(1,6,1,1,1,0,1,0)
617:(1,6,1,1,1,0,1,1)
618:(1,6,1,1,1,1,0,0)
619:(1,6,1,1,1,1,0,1)
620:(1,6,1,1,1,1,1,0)
621:(1,6,1,1,1,1,1,1)
622:(2,1,1,0,0,0,0,0)
623:(2,1,1,0,0,0,0,1)
624:(2,1,1,0,0,0,1,0)
625:(2,1,1,0,0,0,1,1)
626:(2,1,1,0,0,1,0,0)
627:(2,1,1,0,0,1,0,1)
628:(2,1,1,0,0,1,1,0)
629:(2,1,1,0,0,1,1,1)
630:(2,1,1,0,1,0,0,0)
631:(2,1,1,0,1,0,0,1)
632:(2,1,1,0,1,0,1,0)
633:(2,1,1,0,1,0,1,1)
634:(2,1,1,0,1,1,0,0)
635:(2,1,1,0,1,1,0,1)
636:(2,1,1,0,1,1,1,0)
637:(2,1,1,0,1,1,1,1)
638:(2,1,1,1,0,0,0,0)
639:(2,1,1,1,0,0,0,1)
640:(2,1,1,1,0,0,1,0)
641:(2,1,1,1,0,0,1,1)
642:(2,1,1,1,0,1,0,0)
643:(2,1,1,1,0,1,0,1)
644:(2,1,1,1,0,1,1,0)
645:(2,1,1,1,0,1,1,1)
646:(2,1,1,1,1,0,0,0)
647:(2,1,1,1,1,0,0,1)
648:(2,1,1,1,1,0,1,0)
649:(2,1,1,1,1,0,1,1)
650:(2,1,1,1,1,1,0,0)
651:(2,1,1,1,1,1,0,1)
652:(2,1,1,1,1,1,1,0)
653:(2,1,1,1,1,1,1,1)
654:(2,2,0,1,0,0,0,0)
655:(2,2,0,1,0,0,0,1)
656:(2,2,0,1,0,0,1,0)
657:(2,2,0,1,0,0,1,1)
658:(2,2,0,1,0,1,0,0)
659:(2,2,0,1,0,1,0,1)
660:(2,2,0,1,0,1,1,0)
661:(2,2,0,1,0,1,1,1)
662:(2,2,0,1,1,0,0,0)
663:(2,2,0,1,1,0,0,1)
664:(2,2,0,1,1,0,1,0)
665:(2,2,0,1,1,0,1,1)
666:(2,2,0,1,1,1,0,0)
667:(2,2,0,1,1,1,0,1)
668:(2,2,0,1,1,1,1,0)
669:(2,2,0,1,1,1,1,1)
670:(2,2,1,1,0,0,0,0)
671:(2,2,1,1,0,0,0,1)
672:(2,2,1,1,0,0,1,0)
673:(2,2,1,1,0,0,1,1)
674:(2,2,1,1,0,1,0,0)
675:(2,2,1,1,0,1,0,1)
676:(2,2,1,1,0,1,1,0)
677:(2,2,1,1,0,1,1,1)
678:(2,2,1,1,1,0,0,0)
679:(2,2,1,1,1,0,0,1)
680:(2,2,1,1,1,0,1,0)
681:(2,2,1,1,1,0,1,1)
682:(2,2,1,1,1,1,0,0)
683:(2,2,1,1,1,1,0,1)
684:(2,2,1,1,1,1,1,0)
685:(2,2,1,1,1,1,1,1)
686:(2,3,0,1,1,0,0,0)
687:(2,3,0,1,1,0,0,1)
688:(2,3,0,1,1,0,1,0)
689:(2,3,0,1,1,0,1,1)
690:(2,3,0,1,1,1,0,0)
691:(2,3,0,1,1,1,0,1)
692:(2,3,0,1,1,1,1,0)
693:(2,3,0,1,1,1,1,1)
694:(2,3,1,0,1,0,0,0)
695:(2,3,1,0,1,0,0,1)
696:(2,3,1,0,1,0,1,0)
697:(2,3,1,0,1,0,1,1)
698:(2,3,1,0,1,1,0,0)
699:(2,3,1,0,1,1,0,1)
700:(2,3,1,0,1,1,1,0)
701:(2,3,1,0,1,1,1,1)
702:(2,3,1,1,1,0,0,0)
703:(2,3,1,1,1,0,0,1)
704:(2,3,1,1,1,0,1,0)
705:(2,3,1,1,1,0,1,1)
706:(2,3,1,1,1,1,0,0)
707:(2,3,1,1,1,1,0,1)
708:(2,3,1,1,1,1,1,0)
709:(2,3,1,1,1,1,1,1)
710:(2,4,0,0,1,1,0,0)
711:(2,4,0,0,1,1,0,1)
712:(2,4,0,0,1,1,1,0)
713:(2,4,0,0,1,1,1,1)
714:(2,4,0,1,1,1,0,0)
715:(2,4,0,1,1,1,0,1)
716:(2,4,0,1,1,1,1,0)
717:(2,4,0,1,1,1,1,1)
718:(2,4,1,0,0,1,0,0)
719:(2,4,1,0,0,1,0,1)
720:(2,4,1,0,0,1,1,0)
721:(2,4,1,0,0,1,1,1)
722:(2,4,1,0,1,1,0,0)
723:(2,4,1,0,1,1,0,1)
724:(2,4,1,0,1,1,1,0)
725:(2,4,1,0,1,1,1,1)
726:(2,4,1,1,0,1,0,0)
727:(2,4,1,1,0,1,0,1)
728:(2,4,1,1,0,1,1,0)
729:(2,4,1,1,0,1,1,1)
730:(2,4,1,1,1,1,0,0)
731:(2,4,1,1,1,1,0,1)
732:(2,4,1,1,1,1,1,0)
733:(2,4,1,1,1,1,1,1)
734:(2,5,0,0,1,1,1,0)
735:(2,5,0,0,1,1,1,1)
736:(2,5,0,1,0,1,1,0)
737:(2,5,0,1,0,1,1,1)
738:(2,5,0,1,1,1,1,0)
739:(2,5,0,1,1,1,1,1)
740:(2,5,1,0,1,0,1,0)
741:(2,5,1,0,1,0,1,1)
742:(2,5,1,0,1,1,1,0)
743:(2,5,1,0,1,1,1,1)
744:(2,5,1,1,0,0,1,0)
745:(2,5,1,1,0,0,1,1)
746:(2,5,1,1,0,1,1,0)
747:(2,5,1,1,0,1,1,1)
748:(2,5,1,1,1,0,1,0)
749:(2,5,1,1,1,0,1,1)
750:(2,5,1,1,1,1,1,0)
751:(2,5,1,1,1,1,1,1)
752:(2,6,0,0,1,1,1,1)
753:(2,6,0,1,0,0,1,1)
754:(2,6,0,1,0,1,1,1)
755:(2,6,0,1,1,0,1,1)
756:(2,6,0,1,1,1,1,1)
757:(2,6,1,0,0,1,0,1)
758:(2,6,1,0,0,1,1,1)
759:(2,6,1,0,1,1,0,1)
760:(2,6,1,0,1,1,1,1)
761:(2,6,1,1,0,0,0,1)
762:(2,6,1,1,0,0,1,1)
763:(2,6,1,1,0,1,0,1)
764:(2,6,1,1,0,1,1,1)
765:(2,6,1,1,1,0,0,1)
766:(2,6,1,1,1,0,1,1)
767:(2,6,1,1,1,1,0,1)
768:(2,6,1,1,1,1,1,1)
769:(3,1,1,0,0,0,0,0)
770:(3,1,1,0,0,0,0,1)
771:(3,1,1,0,0,0,1,0)
772:(3,1,1,0,0,0,1,1)
773:(3,1,1,0,0,1,0,0)
774:(3,1,1,0,0,1,0,1)
775:(3,1,1,0,0,1,1,0)
776:(3,1,1,0,0,1,1,1)
777:(3,1,1,0,1,0,0,0)
778:(3,1,1,0,1,0,0,1)
779:(3,1,1,0,1,0,1,0)
780:(3,1,1,0,1,0,1,1)
781:(3,1,1,0,1,1,0,0)
782:(3,1,1,0,1,1,0,1)
783:(3,1,1,0,1,1,1,0)
784:(3,1,1,0,1,1,1,1)
785:(3,1,1,1,0,0,0,0)
786:(3,1,1,1,0,0,0,1)
787:(3,1,1,1,0,0,1,0)
788:(3,1,1,1,0,0,1,1)
789:(3,1,1,1,0,1,0,0)
790:(3,1,1,1,0,1,0,1)
791:(3,1,1,1,0,1,1,0)
792:(3,1,1,1,0,1,1,1)
793:(3,1,1,1,1,0,0,0)
794:(3,1,1,1,1,0,0,1)
795:(3,1,1,1,1,0,1,0)
796:(3,1,1,1,1,0,1,1)
797:(3,1,1,1,1,1,0,0)
798:(3,1,1,1,1,1,0,1)
799:(3,1,1,1,1,1,1,0)
800:(3,1,1,1,1,1,1,1)
801:(3,2,0,1,0,0,0,0)
802:(3,2,0,1,0,0,0,1)
803:(3,2,0,1,0,0,1,0)
804:(3,2,0,1,0,0,1,1)
805:(3,2,0,1,0,1,0,0)
806:(3,2,0,1,0,1,0,1)
807:(3,2,0,1,0,1,1,0)
808:(3,2,0,1,0,1,1,1)
809:(3,2,0,1,1,0,0,0)
810:(3,2,0,1,1,0,0,1)
811:(3,2,0,1,1,0,1,0)
812:(3,2,0,1,1,0,1,1)
813:(3,2,0,1,1,1,0,0)
814:(3,2,0,1,1,1,0,1)
815:(3,2,0,1,1,1,1,0)
816:(3,2,0,1,1,1,1,1)
817:(3,2,1,1,0,0,0,0)
818:(3,2,1,1,0,0,0,1)
819:(3,2,1,1,0,0,1,0)
820:(3,2,1,1,0,0,1,1)
821:(3,2,1,1,0,1,0,0)
822:(3,2,1,1,0,1,0,1)
823:(3,2,1,1,0,1,1,0)
824:(3,2,1,1,0,1,1,1)
825:(3,2,1,1,1,0,0,0)
826:(3,2,1,1,1,0,0,1)
827:(3,2,1,1,1,0,1,0)
828:(3,2,1,1,1,0,1,1)
829:(3,2,1,1,1,1,0,0)
830:(3,2,1,1,1,1,0,1)
831:(3,2,1,1,1,1,1,0)
832:(3,2,1,1,1,1,1,1)
833:(3,3,0,1,1,0,0,0)
834:(3,3,0,1,1,0,0,1)
835:(3,3,0,1,1,0,1,0)
836:(3,3,0,1,1,0,1,1)
837:(3,3,0,1,1,1,0,0)
838:(3,3,0,1,1,1,0,1)
839:(3,3,0,1,1,1,1,0)
840:(3,3,0,1,1,1,1,1)
841:(3,3,1,0,1,0,0,0)
842:(3,3,1,0,1,0,0,1)
843:(3,3,1,0,1,0,1,0)
844:(3,3,1,0,1,0,1,1)
845:(3,3,1,0,1,1,0,0)
846:(3,3,1,0,1,1,0,1)
847:(3,3,1,0,1,1,1,0)
848:(3,3,1,0,1,1,1,1)
849:(3,3,1,1,1,0,0,0)
850:(3,3,1,1,1,0,0,1)
851:(3,3,1,1,1,0,1,0)
852:(3,3,1,1,1,0,1,1)
853:(3,3,1,1,1,1,0,0)
854:(3,3,1,1,1,1,0,1)
855:(3,3,1,1,1,1,1,0)
856:(3,3,1,1,1,1,1,1)
857:(3,4,0,0,1,1,0,0)
858:(3,4,0,0,1,1,0,1)
859:(3,4,0,0,1,1,1,0)
860:(3,4,0,0,1,1,1,1)
861:(3,4,0,1,1,1,0,0)
862:(3,4,0,1,1,1,0,1)
863:(3,4,0,1,1,1,1,0)
864:(3,4,0,1,1,1,1,1)
865:(3,4,1,0,0,1,0,0)
866:(3,4,1,0,0,1,0,1)
867:(3,4,1,0,0,1,1,0)
868:(3,4,1,0,0,1,1,1)
869:(3,4,1,0,1,1,0,0)
870:(3,4,1,0,1,1,0,1)
871:(3,4,1,0,1,1,1,0)
872:(3,4,1,0,1,1,1,1)
873:(3,4,1,1,0,1,0,0)
874:(3,4,1,1,0,1,0,1)
875:(3,4,1,1,0,1,1,0)
876:(3,4,1,1,0,1,1,1)
877:(3,4,1,1,1,1,0,0)
878:(3,4,1,1,1,1,0,1)
879:(3,4,1,1,1,1,1,0)
880:(3,4,1,1,1,1,1,1)
881:(3,5,0,0,1,1,1,0)
882:(3,5,0,0,1,1,1,1)
883:(3,5,0,1,0,1,1,0)
884:(3,5,0,1,0,1,1,1)
885:(3,5,0,1,1,1,1,0)
886:(3,5,0,1,1,1,1,1)
887:(3,5,1,0,1,0,1,0)
888:(3,5,1,0,1,0,1,1)
889:(3,5,1,0,1,1,1,0)
890:(3,5,1,0,1,1,1,1)
891:(3,5,1,1,0,0,1,0)
892:(3,5,1,1,0,0,1,1)
893:(3,5,1,1,0,1,1,0)
894:(3,5,1,1,0,1,1,1)
895:(3,5,1,1,1,0,1,0)
896:(3,5,1,1,1,0,1,1)
897:(3,5,1,1,1,1,1,0)
898:(3,5,1,1,1,1,1,1)
899:(3,6,0,0,1,1,1,1)
900:(3,6,0,1,0,0,1,1)
901:(3,6,0,1,0,1,1,1)
902:(3,6,0,1,1,0,1,1)
903:(3,6,0,1,1,1,1,1)
904:(3,6,1,0,0,1,0,1)
905:(3,6,1,0,0,1,1,1)
906:(3,6,1,0,1,1,0,1)
907:(3,6,1,0,1,1,1,1)
908:(3,6,1,1,0,0,0,1)
909:(3,6,1,1,0,0,1,1)
910:(3,6,1,1,0,1,0,1)
911:(3,6,1,1,0,1,1,1)
912:(3,6,1,1,1,0,0,1)
913:(3,6,1,1,1,0,1,1)
914:(3,6,1,1,1,1,0,1)
915:(3,6,1,1,1,1,1,1)
