PRISM-games
===========

Version: 3.0.dev (based on PRISM 4.6)
Date: Thu Feb 18 11:30:15 GMT 2021
Hostname: sand
Memory limits: cudd=1g, java(heap)=622.2g
Command line: prism-games 26Point2_test_auto.prism 26Point2_cluster.props -javamaxmem 700g -const no_spaces=100 -prop 3

Parsing model file "26Point2_test_auto.prism"...

Type:        CSG
Modules:     player1 player2 board 
Variables:   p1_pos p1_chosen_dice p1_1s p1_2s p1_3s p1_4s p2_pos p2_chosen_dice p2_1s p2_2s p2_3s p2_4s state winner 

Switching to explicit engine, which supports CSGs...

Parsing properties file "26Point2_cluster.props"...

3 properties:
(1) <<p1>>Pmax=? [ F "p1_wins" ]
(2) <<p1>>Pmax=? [ F "players_tie" ]
(3) <<p1>>R{"no_rounds"}max=? [ F "game_over" ]

---------------------------------------------------------------------

Model checking: <<p1>>R{"no_rounds"}max=? [ F "game_over" ]
Model constants: no_spaces=100

Building model...
Model constants: no_spaces=100

Computing reachable states... 11578 13150 218453 499244 784499 990625 1264401 1490675 1768181 1877718 1879753 1881098 1883126 1884824 2018219 2316210 2453194 2744298 3033788 3321338 3601522 3813036 4105938 4396393 4669081 4883802 5141977 5407099 5686727 5898457 6178007 6456886 6736494 6913119 6974352 6976396 6977979 6979914 6981868 6983400 6985245 7002689 7300177 7607344 7836196 8128974 8424271 8719329 9016003 9308805 9583536 9866486 9933045 10228494 10524157 10819831 11114379 11391842 11655896 11789369 12044527 12314817 12591376 12872273 13144891 13255602 13531412 13810021 14088557 14356490 14600754 14758783 15032934 15289608 15299864 15301920 15302594 15304613 15306622 15308505 15310398 15311466 15313424 15315378 15317245 15583379 15648851 15944796 16240031 16530107 16823569 17120187 17414352 17706541 17975149 18257799 18476156 18764110 19055061 19344025 19632463 19914291 20204762 20495237 20776952 21061625 21227605 21503934 21781228 22057351 22333330 22609783 22881203 23007409 23292053 23575214 23859593 24142397 24425380 24708473 24787212 25065742 25346405 25626779 25906581 26186034 26465126 26661666 26852375 26854434 26856484 26858380 26859934 26861938 26863910 26865848 26867652 26869355 26871336 26873283 26875207 26891017 27183467 27465499 27498748 27791753 28069904 28357941 28646422 28936665 29230176 29522394 29813060 30102962 30389320 30652319 30823651 31109835 31398862 31688927 31978236 32266422 32555720 32841536 33096446 33383371 33669556 33955375 34101377 34359074 34628672 34905215 35179113 35437872 35694659 35958215 36225323 36228387 36512411 36796130 37076923 37356841 37635693 37915609 38195460 38299880 38584291 38864898 39144134 39424064 39704835 39983243 40235072 40475654 40756599 41037054 41315935 41597494 41636894 41638874 41640277 41641893 41643906 41645910 41647882 41649801 41651493 41651714 41653526 41655478 41657450 41659330 41661178 41663008 41664906 41807050 42094599 42381100 42674166 42967063 43257591 43529844 43793935 44042655 44326103 44584262 44814269 45082757 45368420 45632712 45915487 46196375 46476865 46759006 47038424 47310436 47566033 47850847 48133891 48416759 48694851 48955664 48993888 49282002 49569276 49845788 50106242 50377933 50660937 50940093 51215018 51491288 51763842 52035835 52304635 52348872 52622235 52897484 53171779 53451566 53725273 54001123 54279192 54556597 54834348 55055871 55336508 55614696 55892389 56170489 56450826 56730344 57011325 57291717 57571489 57840537 57898880 58179750 58454727 58719147 58998946 59281359 59565966 59649260 59651275 59652727 59652840 59654700 59656647 59658636 59660636 59662616 59664554 59666440 59667459 59669384 59671307 59673259 59675110 59677032 59678960 59680875 59682076 59683655 59918483 60201905 60485414 60775225 61034951 61311032 61583958 61849511 62117651 62386809 62656513 62931047 63205473 63477653 63749727 64023547 64238112 64508848 64794577 65081185 65367402 65651529 65938932 66228685 66512261 66798188 67083413 67367456 67651670 67930238 68212200 68496242 68747920 69024556 69292143 69441972 69657663 69918601 70200523 70478899 70753982 71030146 71307146 71582917 71860358 72138371 72412349 72685289 72945911 73137692 73413782 73690821 73972398 74250155 74524368 74798982 75059544 75321244 75578199 75829342 76079639 76324844 76499367 76740929 76995122 77262091 77527836 77793716 78059242 78322853 78584470 78845120 79100466 79330040 79567409 79820535 79995803 80245347 80489550 80729838 80883142 80892178 80893934 80895936 80897920 80899857 80901826 80902542 80904482 80906430 80908364 80910335 80912286 80914210 81086287 81361593 81613288 81837725 82118859 82395609 82649495 82749224 83035754 83301000 83509986 83781468 84055505 84317836 84600803 84889024 85180366 85470925 85762325 86057236 86343236 86625169 86903150 87138295 87402397 87667811 87944458 88223265 88431223 88648676 88880660 89114151 89338668 89562880 89784773 90003886 90219287 90435056 90662435 90886512 91110173 91331078 91548907 91766212 91979652 92064309 92279042 92493786 92706396 92919339 93131300 93343847 93553589 93769740 93989386 94204647 94420854 94635345 94846076 95058438 95272437 95479766 95566402 states
Reachable states exploration and model construction done in 1983.066 secs.
Sorting reachable states list...

Time for model construction: 2320.377 seconds.

Type:        CSG
States:      95566402 (1 initial)
Transitions: 145390766
Choices:     95566402
Max/avg:     1/1.00
Building reward structure...

Starting expected reachability...
Max/avg (actions): (1,1)/(1.00,1.00)
Max/avg (actions): (1,1)/(1.00,1.00)
target=28792, inf=0, rest=95537610
Computing the upper bound where 0.01 is used instead of 0.0

Starting value iteration...

Value iteration converged after 121 iterations.
Value iteration took 22771.559 seconds.
Computed an over-approximation of the solution (in 22771.733 seconds), this will now be used to get the solution

Starting value iteration...

Value iteration converged after 115 iterations.
Value iteration took 23395.225 seconds.
Expected reachability took 51112.137 seconds.
Precomputation took 4915.803 seconds.

Value in the initial state: 17.974864623115643

Time for model checking: 51127.64 seconds.

Result: 17.974864623115643 (value in the initial state)

