PRISM-games
===========

Version: 3.0.dev (based on PRISM 4.6)
Date: Wed Feb 17 20:47:04 GMT 2021
Hostname: sand
Memory limits: cudd=1g, java(heap)=622.2g
Command line: prism-games 26Point2_test_auto.prism 26Point2_cluster.props -javamaxmem 700g -const no_spaces=100 -prop 1

Parsing model file "26Point2_test_auto.prism"...

Type:        CSG
Modules:     player1 player2 board 
Variables:   p1_pos p1_chosen_dice p1_1s p1_2s p1_3s p1_4s p2_pos p2_chosen_dice p2_1s p2_2s p2_3s p2_4s state winner 

Switching to explicit engine, which supports CSGs...

Parsing properties file "26Point2_cluster.props"...

3 properties:
(1) <<p1>>Pmax=? [ F "p1_wins" ]
(2) <<p1>>Pmax=? [ F "players_tie" ]
(3) <<p1>>R{"no_rounds"}max=? [ F "game_over" ]

---------------------------------------------------------------------

Model checking: <<p1>>Pmax=? [ F "p1_wins" ]
Model constants: no_spaces=100

Building model...
Model constants: no_spaces=100

Computing reachable states... 11581 13142 218738 490315 768387 990776 1252146 1464717 1733018 1877753 1879769 1881114 1883114 1884421 1953298 2222680 2488170 2650943 2917559 3186290 3461184 3729775 3953741 4236317 4512607 4772698 5009223 5264932 5513630 5761482 6014499 6198628 6450051 6683286 6931833 6973736 6975611 6977500 6979320 6981068 6982884 6984732 6985864 7079069 7344420 7632379 7902476 8187545 8471193 8629589 8905898 9179125 9453780 9726817 10006879 10280527 10556906 10721349 10991273 11216151 11428843 11679995 11957693 12220625 12350643 12611376 12882753 13163277 13445294 13727205 13817417 14092465 14370705 14647606 14926722 15208014 15298428 15300418 15302417 15304449 15306303 15308026 15309965 15311980 15313904 15315408 15317234 15579946 15869721 16165464 16448981 16718098 17002878 17288832 17579323 17732655 18009641 18300277 18589501 18875216 19163224 19450514 19737393 20023833 20309061 20579351 20838223 21091263 21182547 21440692 21715744 21993230 22267698 22541536 22819424 23079136 23328006 23330967 23608537 23890345 24173567 24458229 24738332 25017649 25295494 25556182 25719935 25993072 26263447 26539302 26816122 26853451 26855467 26857452 26857848 26859867 26861868 26863839 26865740 26867575 26869368 26870442 26872387 26874283 26876139 27032101 27313428 27602976 27885933 28181507 28464419 28744585 28900786 29168991 29461450 29756985 30045455 30336308 30628959 30919838 31209720 31487012 31745390 32033433 32320759 32593630 32849568 33070911 33334435 33423424 33714502 34006218 34294031 34573273 34851067 35130394 35405220 35680378 35956600 36222813 36468004 36537555 36803780 37072419 37347392 37622229 37896975 38171042 38446742 38721132 38995851 39278964 39500531 39782315 40062722 40344407 40625570 40906124 41184984 41462949 41635945 41637962 41639142 41641097 41643028 41645038 41647034 41649009 41650954 41652762 41654137 41656102 41658072 41660010 41661942 41663850 41665754 41939508 42222101 42490198 42745361 42803544 43085610 43357541 43640105 43906658 44195979 44485948 44784519 45073867 45361521 45649454 45935764 46219566 46502176 46783506 47064967 47344463 47626119 47913230 48038902 48306604 48596213 48882869 49169786 49455508 49742211 50016857 50268090 50549676 50829392 51106086 51382644 51660029 51937635 52199164 52248932 52525231 52801680 53075285 53356714 53633010 53910650 54193527 54475962 54762501 55046851 55327414 55553503 55838738 56121135 56399847 56679859 56961192 57234460 57496946 57773151 58053162 58334518 58616290 58858077 59140578 59424138 59640449 59650235 59651893 59653911 59655899 59657884 59659880 59660142 59662108 59664043 59665976 59667868 59669790 59671631 59673530 59675488 59676667 59678579 59680474 59682363 59691582 59988516 60274747 60564856 60859399 61153575 61447710 61732837 62014581 62302130 62588663 62853757 63132538 63421411 63709656 63999572 64287206 64574362 64862649 65150097 65437713 65724689 66009419 66293178 66565506 66853324 67144178 67431916 67716970 67999344 68278360 68558484 68580814 68836545 69122142 69409657 69693439 69965647 70196049 70465618 70738033 71009847 71285425 71561121 71836069 72111563 72386883 72659159 72675781 72954980 73230263 73509148 73786966 74073147 74359560 74640211 74916627 75185206 75448398 75710106 75965673 76150951 76394901 76631557 76872777 77138909 77385697 77653912 77928090 78202394 78475217 78739441 79009340 79275569 79540782 79683486 79912058 80140356 80370816 80593278 80814180 80890822 80892376 80894118 80895898 80897670 80899137 80900886 80901185 80903120 80905018 80906923 80908834 80910786 80912735 80914638 81154781 81436841 81716207 82001921 82281147 82493686 82786131 83076737 83356051 83567387 83851154 84138922 84426956 84724018 85021108 85319085 85618307 85912906 86195499 86463569 86745746 87026619 87311527 87555951 87840314 88102690 88343147 88398284 88619157 88849280 89082178 89305408 89527554 89747882 89967892 90183599 90399774 90624057 90850279 91069255 91289894 91492374 91700987 91905930 92113140 92277670 92357725 92553696 92754677 92956629 93158067 93359926 93562180 93773426 93985791 94194963 94402011 94608084 94803789 95012645 95221184 95428896 95566402 states
Reachable states exploration and model construction done in 2131.172 secs.
Sorting reachable states list...

Time for model construction: 2314.858 seconds.

Type:        CSG
States:      95566402 (1 initial)
Transitions: 145390766
Choices:     95566402
Max/avg:     1/1.00

Starting probabilistic reachability (until)...
Max/avg (actions): (1,1)/(1.00,1.00)
Max/avg (actions): (1,1)/(1.00,1.00)
target=14396, yes=14396, no=4187178, maybe=91364828

Starting value iteration...

Value iteration converged after 120 iterations.
Value iteration took 19216.366 seconds.
Precomputation took 4340.599 seconds.

Value in the initial state: 0.4999997886538603

Time for model checking: 23823.833 seconds.

Result: 0.4999997886538603 (value in the initial state)

