PRISM-games
===========

Version: 3.0.dev (based on PRISM 4.6)
Date: Thu Feb 18 04:02:52 GMT 2021
Hostname: sand
Memory limits: cudd=1g, java(heap)=622.2g
Command line: prism-games 26Point2_test_auto.prism 26Point2_cluster.props -javamaxmem 700g -const no_spaces=100 -prop 2

Parsing model file "26Point2_test_auto.prism"...

Type:        CSG
Modules:     player1 player2 board 
Variables:   p1_pos p1_chosen_dice p1_1s p1_2s p1_3s p1_4s p2_pos p2_chosen_dice p2_1s p2_2s p2_3s p2_4s state winner 

Switching to explicit engine, which supports CSGs...

Parsing properties file "26Point2_cluster.props"...

3 properties:
(1) <<p1>>Pmax=? [ F "p1_wins" ]
(2) <<p1>>Pmax=? [ F "players_tie" ]
(3) <<p1>>R{"no_rounds"}max=? [ F "game_over" ]

---------------------------------------------------------------------

Model checking: <<p1>>Pmax=? [ F "players_tie" ]
Model constants: no_spaces=100

Building model...
Model constants: no_spaces=100

Computing reachable states... 11489 13042 159474 406449 667377 896957 991356 1251763 1444276 1711242 1877703 1879573 1880986 1882838 1884398 1929870 2230966 2425258 2670591 2917943 3193932 3484398 3741137 3928615 4228273 4518415 4802755 4845175 5098233 5381887 5669945 5858400 6147468 6436750 6711456 6871151 6974215 6976279 6977612 6979611 6981594 6982972 6984924 6986874 7261265 7562751 7695201 7985239 8287428 8584225 8886173 9186124 9483612 9740898 10039682 10332763 10626646 10916219 11205815 11479315 11675734 11951482 12232036 12513603 12796818 13061758 13339908 13613612 13871794 14150980 14433014 14627438 14908393 15189526 15298952 15300842 15302075 15304006 15306017 15307906 15309723 15310558 15312530 15314466 15316370 15454403 15743957 15797673 16103560 16404281 16703466 17005865 17309254 17611414 17903829 18200798 18479913 18755778 18939333 19235385 19530074 19827857 20122336 20416041 20707177 20996861 21280353 21557531 21698796 21962399 22242472 22521782 22804612 23088664 23353797 23611579 23797229 24084549 24374032 24660853 24946545 25232046 25520119 25787135 25895665 26180072 26464718 26751127 26852902 26854811 26856844 26858076 26860075 26862071 26864024 26865940 26867724 26869044 26870987 26872920 26874843 26876746 27133392 27424539 27719099 27987162 28064189 28359287 28653839 28951908 29255013 29556032 29855680 30155136 30453536 30751732 31046147 31340574 31626798 31920221 31979897 32276156 32570409 32865020 33126276 33420833 33715882 34005942 34277987 34536723 34806996 35074924 35252711 35531482 35808881 36087337 36364413 36644044 36928880 37212525 37482923 37684912 37972011 38258351 38542777 38827374 39113040 39389937 39661256 39923795 40158478 40442282 40727770 41012844 41296800 41582502 41636826 41638842 41639991 41641975 41643974 41645961 41647926 41649849 41651765 41652618 41654387 41656374 41658330 41660265 41662180 41664074 41665106 41824939 42114871 42407590 42706807 43004078 43300449 43591999 43885848 44160202 44460272 44759728 45058132 45349004 45607378 45852345 46128230 46416590 46699606 46986742 47250780 47496968 47794534 48091795 48390699 48684693 48980363 49267486 49557230 49852382 50130427 50362590 50659132 50944717 51222977 51503521 51782272 52059643 52320009 52558551 52836463 53113408 53361137 53379448 53650207 53937449 54224600 54509329 54795098 55077767 55348312 55625946 55910467 56185128 56288676 56573823 56859353 57145226 57429808 57713600 57998636 58281959 58566077 58848339 59116365 59357155 59427850 59642810 59650296 59651992 59653995 59655932 59657915 59659900 59661769 59663702 59665628 59667515 59669410 59671315 59673287 59675228 59677052 59678140 59679944 59681802 59683354 59846572 60141934 60431256 60730388 61027683 61314117 61586805 61860946 62139382 62432714 62727077 63006701 63146261 63442531 63739242 64034739 64327866 64622315 64917471 65211951 65502306 65793654 66086641 66374914 66637112 66932120 67226642 67519611 67806023 68075183 68342340 68619742 68847087 68981053 69273309 69564228 69852049 70137247 70422434 70707535 70990806 71278801 71564903 71849747 72134716 72413294 72693190 72943759 73073784 73340095 73623875 73908390 74198265 74488910 74779997 75057945 75334784 75606678 75870925 76134129 76392385 76643172 76820985 77089603 77363420 77643959 77921707 78197635 78472493 78738584 79012359 79282754 79549629 79806538 80065637 80324341 80564975 80568363 80797409 80890993 80892902 80894769 80896754 80898722 80900706 80902688 80904640 80906573 80907954 80909678 80911406 80913106 80914794 81161671 81423036 81674871 81941969 82213759 82488524 82758520 83030643 83284321 83498150 83751089 84007216 84248677 84490355 84759845 85014940 85237800 85463026 85690353 85913742 86139175 86353671 86547378 86747260 86955902 87178849 87373061 87592049 87801011 87991873 88217760 88388737 88557928 88726478 88895715 89063963 89232127 89396194 89559722 89721192 89883152 90046445 90251809 90459286 90612814 90814911 91015487 91236004 91445341 91652815 91862889 92070617 92277923 92481649 92692685 92903562 93112256 93320170 93523838 93720463 93922029 94134291 94319837 94474907 94653724 94847545 95051275 95262466 95467720 95566402 states
Reachable states exploration and model construction done in 2332.656 secs.
Sorting reachable states list...

Time for model construction: 2662.994 seconds.

Type:        CSG
States:      95566402 (1 initial)
Transitions: 145390766
Choices:     95566402
Max/avg:     1/1.00

Starting probabilistic reachability (until)...
Max/avg (actions): (1,1)/(1.00,1.00)
Max/avg (actions): (1,1)/(1.00,1.00)
target=288, yes=288, no=8329236, maybe=87236878

Starting value iteration...

Value iteration converged after 115 iterations.
Value iteration took 19347.081 seconds.
Precomputation took 4753.393 seconds.

Value in the initial state: 0.01189105368690158

Time for model checking: 24170.101 seconds.

Result: 0.01189105368690158 (value in the initial state)

